<?xml version="1.0" encoding="UTF-8"?>
<!-- Generated by org.testng.reporters.JUnitReportReporter -->
<testsuite hostname="ARIJIT-PC" failures="0" tests="1" name="SumValidation" time="1.227" errors="0" timestamp="2021-09-29T14:54:44 EDT" skipped="0">
  <testcase classname="SumValidation" name="SumValidation" time="1.227"/>
  <system-out/>
</testsuite> <!-- SumValidation -->
