<?xml version="1.0" encoding="UTF-8"?>
<!-- Generated by org.testng.reporters.JUnitReportReporter -->
<testsuite hostname="ARIJIT-PC" failures="0" tests="1" name="StaticJson" time="3.470" errors="0" timestamp="2021-09-29T16:30:08 EDT" skipped="0">
  <testcase classname="StaticJson" name="ReadJsonFile" time="3.470"/>
  <system-out/>
</testsuite> <!-- StaticJson -->
