<?xml version="1.0" encoding="UTF-8"?>
<!-- Generated by org.testng.reporters.JUnitReportReporter -->
<testsuite hostname="ARIJIT-PC" failures="0" tests="2" name="DynamicJson" time="4.972" errors="0" timestamp="2021-09-29T16:16:02 EDT" skipped="0">
  <testcase classname="DynamicJson" name="addBook" time="3.763"/>
  <system-out/>
  <testcase classname="DynamicJson" name="addBook" time="1.209"/>
  <system-out/>
</testsuite> <!-- DynamicJson -->
